<?xml version="1.0" encoding="UTF-8" ?>
<testsuite tests="1" failures="0" name="TestSuite" time="2.066" errors="0" skipped="0">
  <properties>
    <property name="java.runtime.name" value="Java(TM) SE Runtime Environment"/>
    <property name="sun.boot.library.path" value="/Library/Java/JavaVirtualMachines/jdk1.8.0_321.jdk/Contents/Home/jre/lib"/>
    <property name="java.vm.version" value="25.321-b07"/>
    <property name="gopherProxySet" value="false"/>
    <property name="java.vm.vendor" value="Oracle Corporation"/>
    <property name="java.vendor.url" value="http://java.oracle.com/"/>
    <property name="path.separator" value=":"/>
    <property name="java.vm.name" value="Java HotSpot(TM) 64-Bit Server VM"/>
    <property name="file.encoding.pkg" value="sun.io"/>
    <property name="user.country" value="CN"/>
    <property name="sun.java.launcher" value="SUN_STANDARD"/>
    <property name="sun.os.patch.level" value="unknown"/>
    <property name="java.vm.specification.name" value="Java Virtual Machine Specification"/>
    <property name="user.dir" value="/Users/lvxueqing/OnlyMyCode/myFrame/Myframe"/>
    <property name="java.runtime.version" value="1.8.0_321-b07"/>
    <property name="java.awt.graphicsenv" value="sun.awt.CGraphicsEnvironment"/>
    <property name="basedir" value="/Users/lvxueqing/OnlyMyCode/myFrame/Myframe"/>
    <property name="java.endorsed.dirs" value="/Library/Java/JavaVirtualMachines/jdk1.8.0_321.jdk/Contents/Home/jre/lib/endorsed"/>
    <property name="os.arch" value="x86_64"/>
    <property name="surefire.real.class.path" value="/Users/lvxueqing/OnlyMyCode/myFrame/Myframe/target/surefire/surefirebooter2185274615977373977.jar"/>
    <property name="java.io.tmpdir" value="/var/folders/nc/l_jhlgy11r53tx8hm7zdcdlr0000gn/T/"/>
    <property name="line.separator" value="
"/>
    <property name="java.vm.specification.vendor" value="Oracle Corporation"/>
    <property name="os.name" value="Mac OS X"/>
    <property name="sun.jnu.encoding" value="UTF-8"/>
    <property name="java.library.path" value="/Users/lvxueqing/Library/Java/Extensions:/Library/Java/Extensions:/Network/Library/Java/Extensions:/System/Library/Java/Extensions:/usr/lib/java:."/>
    <property name="surefire.test.class.path" value="/Users/lvxueqing/OnlyMyCode/myFrame/Myframe/target/test-classes:/Users/lvxueqing/OnlyMyCode/myFrame/Myframe/target/classes:/usr/local/apache-maven-3.5.0/repository/org/apache/httpcomponents/httpclient/4.1.2/httpclient-4.1.2.jar:/usr/local/apache-maven-3.5.0/repository/org/apache/httpcomponents/httpcore/4.1.2/httpcore-4.1.2.jar:/usr/local/apache-maven-3.5.0/repository/commons-logging/commons-logging/1.1.1/commons-logging-1.1.1.jar:/usr/local/apache-maven-3.5.0/repository/commons-codec/commons-codec/1.4/commons-codec-1.4.jar:/usr/local/apache-maven-3.5.0/repository/org/json/json/20170516/json-20170516.jar:/usr/local/apache-maven-3.5.0/repository/org/mybatis/mybatis/3.4.4/mybatis-3.4.4.jar:/usr/local/apache-maven-3.5.0/repository/org/projectlombok/lombok/1.16.14/lombok-1.16.14.jar:/usr/local/apache-maven-3.5.0/repository/mysql/mysql-connector-java/8.0.21/mysql-connector-java-8.0.21.jar:/usr/local/apache-maven-3.5.0/repository/com/google/protobuf/protobuf-java/3.11.4/protobuf-java-3.11.4.jar:/usr/local/apache-maven-3.5.0/repository/org/mybatis/spring/boot/mybatis-spring-boot-starter/1.3.0/mybatis-spring-boot-starter-1.3.0.jar:/usr/local/apache-maven-3.5.0/repository/org/springframework/boot/spring-boot-starter/1.5.2.RELEASE/spring-boot-starter-1.5.2.RELEASE.jar:/usr/local/apache-maven-3.5.0/repository/org/springframework/boot/spring-boot/1.5.2.RELEASE/spring-boot-1.5.2.RELEASE.jar:/usr/local/apache-maven-3.5.0/repository/org/springframework/spring-context/4.3.7.RELEASE/spring-context-4.3.7.RELEASE.jar:/usr/local/apache-maven-3.5.0/repository/org/springframework/spring-aop/4.3.7.RELEASE/spring-aop-4.3.7.RELEASE.jar:/usr/local/apache-maven-3.5.0/repository/org/springframework/spring-expression/4.3.7.RELEASE/spring-expression-4.3.7.RELEASE.jar:/usr/local/apache-maven-3.5.0/repository/org/springframework/boot/spring-boot-autoconfigure/1.5.2.RELEASE/spring-boot-autoconfigure-1.5.2.RELEASE.jar:/usr/local/apache-maven-3.5.0/repository/org/springframework/boot/spring-boot-starter-logging/1.5.2.RELEASE/spring-boot-starter-logging-1.5.2.RELEASE.jar:/usr/local/apache-maven-3.5.0/repository/ch/qos/logback/logback-classic/1.1.11/logback-classic-1.1.11.jar:/usr/local/apache-maven-3.5.0/repository/ch/qos/logback/logback-core/1.1.11/logback-core-1.1.11.jar:/usr/local/apache-maven-3.5.0/repository/org/slf4j/slf4j-api/1.7.22/slf4j-api-1.7.22.jar:/usr/local/apache-maven-3.5.0/repository/org/slf4j/jcl-over-slf4j/1.7.24/jcl-over-slf4j-1.7.24.jar:/usr/local/apache-maven-3.5.0/repository/org/slf4j/jul-to-slf4j/1.7.24/jul-to-slf4j-1.7.24.jar:/usr/local/apache-maven-3.5.0/repository/org/slf4j/log4j-over-slf4j/1.7.24/log4j-over-slf4j-1.7.24.jar:/usr/local/apache-maven-3.5.0/repository/org/springframework/spring-core/4.3.7.RELEASE/spring-core-4.3.7.RELEASE.jar:/usr/local/apache-maven-3.5.0/repository/org/yaml/snakeyaml/1.17/snakeyaml-1.17.jar:/usr/local/apache-maven-3.5.0/repository/org/springframework/boot/spring-boot-starter-jdbc/1.5.2.RELEASE/spring-boot-starter-jdbc-1.5.2.RELEASE.jar:/usr/local/apache-maven-3.5.0/repository/org/apache/tomcat/tomcat-jdbc/8.5.11/tomcat-jdbc-8.5.11.jar:/usr/local/apache-maven-3.5.0/repository/org/apache/tomcat/tomcat-juli/8.5.11/tomcat-juli-8.5.11.jar:/usr/local/apache-maven-3.5.0/repository/org/springframework/spring-jdbc/4.3.7.RELEASE/spring-jdbc-4.3.7.RELEASE.jar:/usr/local/apache-maven-3.5.0/repository/org/springframework/spring-beans/4.3.7.RELEASE/spring-beans-4.3.7.RELEASE.jar:/usr/local/apache-maven-3.5.0/repository/org/springframework/spring-tx/4.3.7.RELEASE/spring-tx-4.3.7.RELEASE.jar:/usr/local/apache-maven-3.5.0/repository/org/mybatis/spring/boot/mybatis-spring-boot-autoconfigure/1.3.0/mybatis-spring-boot-autoconfigure-1.3.0.jar:/usr/local/apache-maven-3.5.0/repository/org/mybatis/mybatis-spring/1.3.1/mybatis-spring-1.3.1.jar:/usr/local/apache-maven-3.5.0/repository/com/relevantcodes/extentreports/2.41.1/extentreports-2.41.1.jar:/usr/local/apache-maven-3.5.0/repository/org/jsoup/jsoup/1.8.3/jsoup-1.8.3.jar:/usr/local/apache-maven-3.5.0/repository/org/xerial/sqlite-jdbc/3.8.11.1/sqlite-jdbc-3.8.11.1.jar:/usr/local/apache-maven-3.5.0/repository/org/freemarker/freemarker/2.3.23/freemarker-2.3.23.jar:/usr/local/apache-maven-3.5.0/repository/org/mongodb/mongodb-driver/3.0.4/mongodb-driver-3.0.4.jar:/usr/local/apache-maven-3.5.0/repository/org/mongodb/bson/3.0.4/bson-3.0.4.jar:/usr/local/apache-maven-3.5.0/repository/org/mongodb/mongodb-driver-core/3.0.4/mongodb-driver-core-3.0.4.jar:/usr/local/apache-maven-3.5.0/repository/com/vimalselvam/testng-extentsreport/1.3.1/testng-extentsreport-1.3.1.jar:/usr/local/apache-maven-3.5.0/repository/com/google/guava/guava/20.0/guava-20.0.jar:/usr/local/apache-maven-3.5.0/repository/com/aventstack/extentreports/3.0.6/extentreports-3.0.6.jar:/usr/local/apache-maven-3.5.0/repository/org/apache/httpcomponents/httpmime/4.5.2/httpmime-4.5.2.jar:/usr/local/apache-maven-3.5.0/repository/org/testng/testng/6.14.3/testng-6.14.3.jar:/usr/local/apache-maven-3.5.0/repository/com/beust/jcommander/1.72/jcommander-1.72.jar:/usr/local/apache-maven-3.5.0/repository/org/apache-extras/beanshell/bsh/2.0b6/bsh-2.0b6.jar:"/>
    <property name="java.specification.name" value="Java Platform API Specification"/>
    <property name="java.class.version" value="52.0"/>
    <property name="sun.management.compiler" value="HotSpot 64-Bit Tiered Compilers"/>
    <property name="maven.repo.local" value="/usr/local/apache-maven-3.5.0/repository"/>
    <property name="os.version" value="10.13.6"/>
    <property name="http.nonProxyHosts" value="local|*.local|169.254/16|*.169.254/16"/>
    <property name="idea.version2019.3.1" value="true"/>
    <property name="user.home" value="/Users/lvxueqing"/>
    <property name="user.timezone" value="Asia/Shanghai"/>
    <property name="java.awt.printerjob" value="sun.lwawt.macosx.CPrinterJob"/>
    <property name="java.specification.version" value="1.8"/>
    <property name="file.encoding" value="UTF-8"/>
    <property name="user.name" value="lvxueqing"/>
    <property name="java.class.path" value="/Users/lvxueqing/OnlyMyCode/myFrame/Myframe/target/test-classes:/Users/lvxueqing/OnlyMyCode/myFrame/Myframe/target/classes:/usr/local/apache-maven-3.5.0/repository/org/apache/httpcomponents/httpclient/4.1.2/httpclient-4.1.2.jar:/usr/local/apache-maven-3.5.0/repository/org/apache/httpcomponents/httpcore/4.1.2/httpcore-4.1.2.jar:/usr/local/apache-maven-3.5.0/repository/commons-logging/commons-logging/1.1.1/commons-logging-1.1.1.jar:/usr/local/apache-maven-3.5.0/repository/commons-codec/commons-codec/1.4/commons-codec-1.4.jar:/usr/local/apache-maven-3.5.0/repository/org/json/json/20170516/json-20170516.jar:/usr/local/apache-maven-3.5.0/repository/org/mybatis/mybatis/3.4.4/mybatis-3.4.4.jar:/usr/local/apache-maven-3.5.0/repository/org/projectlombok/lombok/1.16.14/lombok-1.16.14.jar:/usr/local/apache-maven-3.5.0/repository/mysql/mysql-connector-java/8.0.21/mysql-connector-java-8.0.21.jar:/usr/local/apache-maven-3.5.0/repository/com/google/protobuf/protobuf-java/3.11.4/protobuf-java-3.11.4.jar:/usr/local/apache-maven-3.5.0/repository/org/mybatis/spring/boot/mybatis-spring-boot-starter/1.3.0/mybatis-spring-boot-starter-1.3.0.jar:/usr/local/apache-maven-3.5.0/repository/org/springframework/boot/spring-boot-starter/1.5.2.RELEASE/spring-boot-starter-1.5.2.RELEASE.jar:/usr/local/apache-maven-3.5.0/repository/org/springframework/boot/spring-boot/1.5.2.RELEASE/spring-boot-1.5.2.RELEASE.jar:/usr/local/apache-maven-3.5.0/repository/org/springframework/spring-context/4.3.7.RELEASE/spring-context-4.3.7.RELEASE.jar:/usr/local/apache-maven-3.5.0/repository/org/springframework/spring-aop/4.3.7.RELEASE/spring-aop-4.3.7.RELEASE.jar:/usr/local/apache-maven-3.5.0/repository/org/springframework/spring-expression/4.3.7.RELEASE/spring-expression-4.3.7.RELEASE.jar:/usr/local/apache-maven-3.5.0/repository/org/springframework/boot/spring-boot-autoconfigure/1.5.2.RELEASE/spring-boot-autoconfigure-1.5.2.RELEASE.jar:/usr/local/apache-maven-3.5.0/repository/org/springframework/boot/spring-boot-starter-logging/1.5.2.RELEASE/spring-boot-starter-logging-1.5.2.RELEASE.jar:/usr/local/apache-maven-3.5.0/repository/ch/qos/logback/logback-classic/1.1.11/logback-classic-1.1.11.jar:/usr/local/apache-maven-3.5.0/repository/ch/qos/logback/logback-core/1.1.11/logback-core-1.1.11.jar:/usr/local/apache-maven-3.5.0/repository/org/slf4j/slf4j-api/1.7.22/slf4j-api-1.7.22.jar:/usr/local/apache-maven-3.5.0/repository/org/slf4j/jcl-over-slf4j/1.7.24/jcl-over-slf4j-1.7.24.jar:/usr/local/apache-maven-3.5.0/repository/org/slf4j/jul-to-slf4j/1.7.24/jul-to-slf4j-1.7.24.jar:/usr/local/apache-maven-3.5.0/repository/org/slf4j/log4j-over-slf4j/1.7.24/log4j-over-slf4j-1.7.24.jar:/usr/local/apache-maven-3.5.0/repository/org/springframework/spring-core/4.3.7.RELEASE/spring-core-4.3.7.RELEASE.jar:/usr/local/apache-maven-3.5.0/repository/org/yaml/snakeyaml/1.17/snakeyaml-1.17.jar:/usr/local/apache-maven-3.5.0/repository/org/springframework/boot/spring-boot-starter-jdbc/1.5.2.RELEASE/spring-boot-starter-jdbc-1.5.2.RELEASE.jar:/usr/local/apache-maven-3.5.0/repository/org/apache/tomcat/tomcat-jdbc/8.5.11/tomcat-jdbc-8.5.11.jar:/usr/local/apache-maven-3.5.0/repository/org/apache/tomcat/tomcat-juli/8.5.11/tomcat-juli-8.5.11.jar:/usr/local/apache-maven-3.5.0/repository/org/springframework/spring-jdbc/4.3.7.RELEASE/spring-jdbc-4.3.7.RELEASE.jar:/usr/local/apache-maven-3.5.0/repository/org/springframework/spring-beans/4.3.7.RELEASE/spring-beans-4.3.7.RELEASE.jar:/usr/local/apache-maven-3.5.0/repository/org/springframework/spring-tx/4.3.7.RELEASE/spring-tx-4.3.7.RELEASE.jar:/usr/local/apache-maven-3.5.0/repository/org/mybatis/spring/boot/mybatis-spring-boot-autoconfigure/1.3.0/mybatis-spring-boot-autoconfigure-1.3.0.jar:/usr/local/apache-maven-3.5.0/repository/org/mybatis/mybatis-spring/1.3.1/mybatis-spring-1.3.1.jar:/usr/local/apache-maven-3.5.0/repository/com/relevantcodes/extentreports/2.41.1/extentreports-2.41.1.jar:/usr/local/apache-maven-3.5.0/repository/org/jsoup/jsoup/1.8.3/jsoup-1.8.3.jar:/usr/local/apache-maven-3.5.0/repository/org/xerial/sqlite-jdbc/3.8.11.1/sqlite-jdbc-3.8.11.1.jar:/usr/local/apache-maven-3.5.0/repository/org/freemarker/freemarker/2.3.23/freemarker-2.3.23.jar:/usr/local/apache-maven-3.5.0/repository/org/mongodb/mongodb-driver/3.0.4/mongodb-driver-3.0.4.jar:/usr/local/apache-maven-3.5.0/repository/org/mongodb/bson/3.0.4/bson-3.0.4.jar:/usr/local/apache-maven-3.5.0/repository/org/mongodb/mongodb-driver-core/3.0.4/mongodb-driver-core-3.0.4.jar:/usr/local/apache-maven-3.5.0/repository/com/vimalselvam/testng-extentsreport/1.3.1/testng-extentsreport-1.3.1.jar:/usr/local/apache-maven-3.5.0/repository/com/google/guava/guava/20.0/guava-20.0.jar:/usr/local/apache-maven-3.5.0/repository/com/aventstack/extentreports/3.0.6/extentreports-3.0.6.jar:/usr/local/apache-maven-3.5.0/repository/org/apache/httpcomponents/httpmime/4.5.2/httpmime-4.5.2.jar:/usr/local/apache-maven-3.5.0/repository/org/testng/testng/6.14.3/testng-6.14.3.jar:/usr/local/apache-maven-3.5.0/repository/com/beust/jcommander/1.72/jcommander-1.72.jar:/usr/local/apache-maven-3.5.0/repository/org/apache-extras/beanshell/bsh/2.0b6/bsh-2.0b6.jar:"/>
    <property name="java.vm.specification.version" value="1.8"/>
    <property name="sun.arch.data.model" value="64"/>
    <property name="java.home" value="/Library/Java/JavaVirtualMachines/jdk1.8.0_321.jdk/Contents/Home/jre"/>
    <property name="sun.java.command" value="/Users/lvxueqing/OnlyMyCode/myFrame/Myframe/target/surefire/surefirebooter2185274615977373977.jar /Users/lvxueqing/OnlyMyCode/myFrame/Myframe/target/surefire/surefire9077462698752465350tmp /Users/lvxueqing/OnlyMyCode/myFrame/Myframe/target/surefire/surefire2286912987396705571tmp"/>
    <property name="java.specification.vendor" value="Oracle Corporation"/>
    <property name="user.language" value="zh"/>
    <property name="awt.toolkit" value="sun.lwawt.macosx.LWCToolkit"/>
    <property name="java.vm.info" value="mixed mode"/>
    <property name="java.version" value="1.8.0_321"/>
    <property name="java.ext.dirs" value="/Users/lvxueqing/Library/Java/Extensions:/Library/Java/JavaVirtualMachines/jdk1.8.0_321.jdk/Contents/Home/jre/lib/ext:/Library/Java/Extensions:/Network/Library/Java/Extensions:/System/Library/Java/Extensions:/usr/lib/java"/>
    <property name="sun.boot.class.path" value="/Library/Java/JavaVirtualMachines/jdk1.8.0_321.jdk/Contents/Home/jre/lib/resources.jar:/Library/Java/JavaVirtualMachines/jdk1.8.0_321.jdk/Contents/Home/jre/lib/rt.jar:/Library/Java/JavaVirtualMachines/jdk1.8.0_321.jdk/Contents/Home/jre/lib/sunrsasign.jar:/Library/Java/JavaVirtualMachines/jdk1.8.0_321.jdk/Contents/Home/jre/lib/jsse.jar:/Library/Java/JavaVirtualMachines/jdk1.8.0_321.jdk/Contents/Home/jre/lib/jce.jar:/Library/Java/JavaVirtualMachines/jdk1.8.0_321.jdk/Contents/Home/jre/lib/charsets.jar:/Library/Java/JavaVirtualMachines/jdk1.8.0_321.jdk/Contents/Home/jre/lib/jfr.jar:/Library/Java/JavaVirtualMachines/jdk1.8.0_321.jdk/Contents/Home/jre/classes"/>
    <property name="java.vendor" value="Oracle Corporation"/>
    <property name="localRepository" value="/usr/local/apache-maven-3.5.0/repository"/>
    <property name="file.separator" value="/"/>
    <property name="java.vendor.url.bug" value="http://bugreport.sun.com/bugreport/"/>
    <property name="sun.cpu.endian" value="little"/>
    <property name="sun.io.unicode.encoding" value="UnicodeBig"/>
    <property name="socksNonProxyHosts" value="local|*.local|169.254/16|*.169.254/16"/>
    <property name="ftp.nonProxyHosts" value="local|*.local|169.254/16|*.169.254/16"/>
    <property name="sun.cpu.isalist" value=""/>
  </properties>
  <testcase classname="com.test.cases.carProduct" name="logingetUser" time="0.676"/>
</testsuite>