<?xml version="1.0" encoding="UTF-8"?>
<!-- Generated by org.testng.reporters.JUnitReportReporter -->
<testsuite skipped="0" hostname="kukudelv" name="com.test.cases.carProduct" tests="1" failures="0" timestamp="27 五月 2022 14:11:48 GMT" time="0.675" errors="0">
  <testcase name="logingetUser" time="0.675" classname="com.test.cases.carProduct"/>
</testsuite> <!-- com.test.cases.carProduct -->
